SF:lib/domain/movie_list.freezed.dart
DA:10,0
DA:11,0
DA:12,0
DA:17,0
DA:20,0
DA:22,0
DA:31,0
DA:32,0
DA:65,0
DA:71,0
DA:78,0
DA:79,0
DA:80,0
DA:81,0
DA:83,0
DA:84,0
DA:86,0
DA:106,0
DA:107,0
DA:109,0
DA:110,0
DA:112,0
DA:119,0
DA:120,0
DA:121,0
DA:122,0
DA:124,0
DA:125,0
DA:127,0
DA:136,2
DA:138,0
DA:139,0
DA:140,0
DA:141,0
DA:143,0
DA:144,0
DA:155,0
DA:157,0
DA:160,0
DA:163,0
DA:164,0
DA:165,0
DA:166,0
DA:168,0
DA:169,0
DA:171,0
DA:172,0
DA:174,0
DA:177,0
DA:179,0
DA:180,0
DA:181,0
DA:182,0
DA:183,0
DA:185,0
DA:188,0
DA:190,0
DA:192,0
DA:215,0
DA:216,0
DA:221,0
DA:224,0
DA:226,0
DA:235,0
DA:236,0
DA:265,0
DA:271,0
DA:278,0
DA:279,0
DA:281,0
DA:282,0
DA:283,0
DA:285,0
DA:302,0
DA:303,0
DA:305,0
DA:306,0
DA:308,0
DA:315,0
DA:316,0
DA:317,0
DA:318,0
DA:319,0
DA:328,2
DA:330,0
DA:331,0
DA:332,0
DA:333,0
DA:335,0
DA:336,0
DA:347,0
DA:349,0
DA:352,1
DA:355,0
DA:356,0
DA:357,0
DA:358,0
DA:360,0
DA:361,0
DA:363,0
DA:364,0
DA:365,0
DA:368,0
DA:370,0
DA:371,0
DA:372,0
DA:373,0
DA:374,0
DA:376,0
DA:379,0
DA:381,0
DA:383,0
LF:112
LH:3
end_of_record
SF:lib/domain/movie_list.dart
DA:12,0
DA:21,0
DA:22,0
LF:3
LH:0
end_of_record
SF:lib/domain/movie_list.g.dart
DA:9,0
DA:10,0
DA:11,0
DA:12,0
DA:13,0
DA:14,0
DA:18,0
DA:19,0
DA:20,0
DA:21,0
DA:22,0
DA:25,0
DA:26,0
DA:27,0
DA:28,0
DA:29,0
DA:30,0
DA:31,0
DA:32,0
DA:33,0
DA:37,0
DA:38,0
DA:39,0
DA:40,0
DA:41,0
DA:42,0
LF:26
LH:0
end_of_record
SF:lib/infrastructure/data_sources/movie_api.dart
DA:11,1
DA:14,1
DA:16,3
DA:17,1
DA:18,1
DA:19,2
DA:20,1
DA:21,2
DA:22,1
DA:23,2
DA:25,2
DA:30,1
DA:32,3
DA:33,1
DA:35,1
LF:15
LH:15
end_of_record
SF:lib/infrastructure/data_sources/rest_client.g.dart
DA:10,0
DA:11,0
DA:12,0
DA:20,0
DA:22,0
DA:23,0
DA:24,0
DA:27,0
DA:29,0
DA:31,0
DA:33,0
LF:11
LH:0
end_of_record
SF:lib/application/movie_bloc.dart
DA:8,2
DA:11,1
DA:27,1
DA:28,2
DA:29,3
DA:30,4
DA:31,1
DA:32,2
DA:33,3
DA:34,6
LF:10
LH:10
end_of_record
SF:lib/application/movie_cubit.dart
DA:8,3
DA:10,1
DA:11,2
DA:12,3
DA:13,1
DA:14,3
DA:17,1
DA:18,2
DA:19,3
DA:20,1
DA:21,3
LF:11
LH:11
end_of_record
SF:lib/application/movies_state.dart
DA:14,2
DA:15,2
DA:17,2
DA:22,2
DA:23,2
DA:25,2
DA:31,1
DA:33,1
DA:34,2
DA:36,1
DA:41,2
DA:43,2
DA:44,2
DA:46,2
LF:14
LH:14
end_of_record
SF:lib/infrastructure/dto/freezed_dto.freezed.dart
DA:10,0
DA:11,0
DA:12,0
DA:17,0
DA:20,0
DA:21,0
DA:30,0
DA:31,0
DA:60,0
DA:66,0
DA:73,0
DA:74,0
DA:75,0
DA:77,0
DA:78,0
DA:94,0
DA:95,0
DA:97,0
DA:98,0
DA:100,0
DA:107,0
DA:108,0
DA:109,0
DA:110,0
DA:111,0
DA:120,0
DA:121,0
DA:122,0
DA:123,0
DA:124,0
DA:126,0
DA:127,0
DA:138,0
DA:140,0
DA:143,0
DA:146,0
DA:147,0
DA:148,0
DA:149,0
DA:150,0
DA:151,0
DA:153,0
DA:154,0
DA:156,0
DA:159,0
DA:161,0
DA:162,0
DA:163,0
DA:164,0
DA:165,0
DA:167,0
DA:170,0
DA:172,0
DA:174,0
DA:199,0
DA:202,0
DA:207,0
DA:252,0
DA:270,0
DA:272,0
DA:274,0
DA:275,0
DA:280,0
DA:282,0
DA:287,0
DA:289,0
DA:292,0
DA:293,0
DA:295,0
DA:301,0
DA:302,0
DA:303,0
DA:306,0
DA:313,0
DA:315,0
DA:317,0
DA:320,0
DA:326,0
DA:327,0
DA:328,0
DA:331,0
DA:338,0
DA:340,0
DA:342,0
DA:361,0
DA:363,0
DA:365,0
DA:366,0
DA:371,0
DA:373,0
DA:378,0
DA:380,0
DA:383,0
DA:384,0
DA:386,0
DA:392,0
DA:393,0
DA:394,0
DA:397,0
DA:404,0
DA:406,0
DA:408,0
DA:411,0
DA:417,0
DA:418,0
DA:419,0
DA:422,0
DA:429,0
DA:431,0
DA:433,0
LF:110
LH:0
end_of_record
SF:lib/infrastructure/dto/freezed_dto.dart
DA:12,0
DA:13,0
LF:2
LH:0
end_of_record
SF:lib/infrastructure/dto/freezed_dto.g.dart
DA:9,0
DA:10,0
DA:11,0
DA:12,0
DA:13,0
DA:14,0
DA:18,0
DA:19,0
DA:20,0
DA:21,0
DA:22,0
DA:23,0
LF:12
LH:0
end_of_record
SF:lib/main.dart
DA:4,0
DA:5,0
DA:9,1
DA:11,1
DA:13,1
DA:15,1
DA:17,1
LF:7
LH:5
end_of_record
SF:lib/presentation/my_home_page.dart
DA:4,2
DA:8,1
DA:9,1
DA:15,1
DA:16,2
DA:17,2
DA:21,1
DA:23,1
DA:24,1
DA:25,3
DA:27,1
DA:28,1
DA:30,1
DA:31,1
DA:34,1
DA:35,2
DA:36,3
DA:41,1
DA:42,1
DA:44,1
LF:20
LH:20
end_of_record
