TN:
SF:lib/application/movie_bloc.dart
FNF:0
FNH:0
DA:7,2
DA:10,1
DA:11,1
DA:12,2
DA:13,3
DA:14,4
DA:15,1
DA:16,2
DA:17,3
DA:18,6
LF:10
LH:10
end_of_record
TN:
SF:lib/application/movie_cubit.dart
FNF:0
FNH:0
DA:8,3
DA:10,1
DA:11,2
DA:12,3
DA:13,1
DA:14,3
DA:17,1
DA:18,2
DA:19,3
DA:20,1
DA:21,3
LF:11
LH:11
end_of_record
TN:
SF:lib/application/movies_state.dart
FNF:0
FNH:0
DA:14,2
DA:15,2
DA:17,2
DA:22,2
DA:23,2
DA:25,2
DA:31,1
DA:33,1
DA:34,2
DA:36,1
DA:41,2
DA:43,2
DA:44,2
DA:46,2
LF:14
LH:14
end_of_record
TN:
SF:lib/infrastructure/data_sources/movie_api.dart
FNF:0
FNH:0
DA:11,1
DA:14,1
DA:16,3
DA:17,1
DA:18,1
DA:19,2
DA:20,1
DA:21,2
DA:22,1
DA:23,2
DA:25,2
DA:30,1
DA:32,3
DA:33,1
DA:35,1
LF:15
LH:15
end_of_record
TN:
SF:lib/presentation/my_home_page.dart
FNF:0
FNH:0
DA:4,2
DA:8,1
DA:9,1
DA:15,1
DA:16,2
DA:17,2
DA:21,1
DA:23,1
DA:24,1
DA:25,3
DA:27,1
DA:28,1
DA:30,1
DA:31,1
DA:34,1
DA:35,2
DA:36,3
DA:41,1
DA:42,1
DA:44,1
LF:20
LH:20
end_of_record
